[2025-06-05 12:40:52] [HTTP Proxy] Listening on http://0.0.0.0:80
[2025-06-05 12:40:52] [Connection] Packet sent successfully
[2025-06-05 12:40:52] [Connection] Connect packet sent successfully
[2025-06-05 12:40:52] [Connection] Processing messages started
[2025-06-05 12:40:52] [Peer] Your UUID: 023e64d1aa32f234a8b83547c94ee74109642166929428d5072738af194e12b938
[2025-06-05 12:40:52] [Peer] Starting peer...
[2025-06-05 12:40:52] [DEBUG] Starting to handle incoming packets...
[2025-06-05 12:40:52] [Connection] Packet sent successfully
[2025-06-05 12:40:52] [Connection] Peer info request sent successfully
[2025-06-05 12:40:52] [Connection] Starting message processing loop
[2025-06-05 12:40:52] [Connection] Received message from channel
[2025-06-05 12:40:52] [DEBUG] [Connection] Processing GetResponse message
[2025-06-05 12:40:52] [DEBUG] [Connection] Response sent successfully
[2025-06-05 12:40:52] [Connection] Received message from channel
[2025-06-05 12:40:52] [DEBUG] [Connection] Processing GetResponse message
[2025-06-05 12:40:52] [DEBUG] [Connection] Response sent successfully
[2025-06-05 12:40:52] [Connection] Received message from channel
[2025-06-05 12:40:52] [DEBUG] [Connection] Processing GetResponse message
[2025-06-05 12:40:52] [DEBUG] Received signal packet: TransportPacket { act: "request_fragments", to: Some("023e64d1aa32f234a8b83547c94ee74109642166929428d5072738af194e12b938"), data: None, protocol: SIGNAL, peer_key: "03b3cb59c197140e12ba45c168c55a2728aae0f9dba98aceae44ac34fd9f3c41ae", uuid: "16fb12a7-b9ef-4d63-8804-5407a8540e15", nodes: [], signature: Some("185142f79324430edd2e42effdb2150b7fae4fe4d97f691bab372d1393d5bc66473f947bdc20e74f8d681848f651744232aadfd85d760e4be0667b62370c1fa0") }
[2025-06-05 12:40:52] [Connection] Packet sent successfully
[2025-06-05 12:40:52] [DEBUG] From peer_key: 03b3cb59c197140e12ba45c168c55a2728aae0f9dba98aceae44ac34fd9f3c41ae
[2025-06-05 12:40:52] [DEBUG] Received signal packet: TransportPacket { act: "peer_list", to: Some("023e64d1aa32f234a8b83547c94ee74109642166929428d5072738af194e12b938"), data: Some(SyncPeerInfoData(SyncPeerInfoData { peers: [SyncPeerInfo { uuid: "023e64d1aa32f234a8b83547c94ee74109642166929428d5072738af194e12b938" }] })), protocol: SIGNAL, peer_key: "03b3cb59c197140e12ba45c168c55a2728aae0f9dba98aceae44ac34fd9f3c41ae", uuid: "5ee7395d-42ba-4d00-9ca4-4647884bebd8", nodes: [], signature: Some("56e2f74123e48974f6871772a707eda571048d22d3d13c026228baeeecc79bfc153e7ed2434c29db09553b0dfe67059c1ee887685890e4e676da26b8a9bb3451") }
[2025-06-05 12:40:52] [PEER] Received peer list:
[2025-06-05 12:40:52] [DEBUG] From peer_key: 03b3cb59c197140e12ba45c168c55a2728aae0f9dba98aceae44ac34fd9f3c41ae
[2025-06-05 12:40:52] [PEER] Peer - KEY: 023e64d1aa32f234a8b83547c94ee74109642166929428d5072738af194e12b938
[2025-06-05 12:40:52] [DEBUG] [Connection] Response sent successfully
[2025-06-05 12:40:52] [Connection] Received message from channel
[2025-06-05 12:40:52] [DEBUG] [Connection] Processing GetResponse message
[2025-06-05 12:40:52] [DEBUG] [Connection] Response sent successfully
[2025-06-05 12:40:52] [DEBUG] [Connection] Processing GetResponse message
[2025-06-05 12:40:52] [Connection] Received message from channel
[2025-06-05 12:40:52] [DEBUG] Received signal packet: TransportPacket { act: "request_fragments", to: Some("023e64d1aa32f234a8b83547c94ee74109642166929428d5072738af194e12b938"), data: None, protocol: SIGNAL, peer_key: "03b3cb59c197140e12ba45c168c55a2728aae0f9dba98aceae44ac34fd9f3c41ae", uuid: "8940ec12-5088-4df9-a093-3cb609133c85", nodes: [], signature: Some("922e17b17e19ec3f6c490779c65606e73f74b400bb23464945143f3d7fe4f3ea741ea2731081a44d64731fb2dd66637569c4d89d83caadda8f4afbfce9b9cf0b") }
[2025-06-05 12:40:52] [Connection] Packet sent successfully
[2025-06-05 12:40:52] [DEBUG] From peer_key: 03b3cb59c197140e12ba45c168c55a2728aae0f9dba98aceae44ac34fd9f3c41ae
[2025-06-05 12:40:52] [DEBUG] Received signal packet: TransportPacket { act: "peer_list", to: Some("023e64d1aa32f234a8b83547c94ee74109642166929428d5072738af194e12b938"), data: Some(SyncPeerInfoData(SyncPeerInfoData { peers: [SyncPeerInfo { uuid: "023e64d1aa32f234a8b83547c94ee74109642166929428d5072738af194e12b938" }] })), protocol: SIGNAL, peer_key: "03b3cb59c197140e12ba45c168c55a2728aae0f9dba98aceae44ac34fd9f3c41ae", uuid: "b6d78b2c-69b0-4921-bb50-510d64a7f46f", nodes: [], signature: Some("6396b157bdabf893f34209b1f7bbc7c4ae2cc9f163835d957a7aec2d6d869e991df595b9eda0f4eed40f63cf045aa1d16777c3d9321dc0c7721ebdb933972f48") }
[2025-06-05 12:40:52] [PEER] Received peer list:
[2025-06-05 12:40:52] [PEER] Peer - KEY: 023e64d1aa32f234a8b83547c94ee74109642166929428d5072738af194e12b938
[2025-06-05 12:40:52] [DEBUG] From peer_key: 03b3cb59c197140e12ba45c168c55a2728aae0f9dba98aceae44ac34fd9f3c41ae
[2025-06-05 12:41:25] [DEBUG] [Connection] Response sent successfully
[2025-06-05 12:41:25] [DEBUG] [Connection] Processing GetResponse message
[2025-06-05 12:41:25] [Connection] Received message from channel
[2025-06-05 12:41:25] [DEBUG] Received signal packet: TransportPacket { act: "request_contract", to: Some("023e64d1aa32f234a8b83547c94ee74109642166929428d5072738af194e12b938"), data: Some(ContractExecutionRequest(ContractExecutionRequest { contract_hash: "b235c38e6f732c738a353d56ff0d4b6831b4e10f8885c745841173e06def3bbe", function_name: "increment", payload: [48, 51, 99, 97, 57, 56, 99, 55, 48, 55, 102, 51, 101, 98, 102, 97, 57, 49, 55, 55, 48, 100, 55, 99, 57, 54, 52, 98, 56, 99, 49, 48, 102, 100, 56, 55, 56, 48, 56, 55, 50, 97, 51, 100, 52, 57, 52, 51, 102, 54, 49, 102, 54, 57, 51, 50, 97, 98, 56, 97, 54, 97, 50, 52, 51, 100], peer_id: "03ca98c707f3ebfa91770d7c964b8c10fd8780872a3d4943f61f6932ab8a6a243d" })), protocol: SIGNAL, peer_key: "03b3cb59c197140e12ba45c168c55a2728aae0f9dba98aceae44ac34fd9f3c41ae", uuid: "f83b1926-95da-484d-8d6b-9e189b32c213", nodes: [], signature: Some("a0b2011b62207df2f47e94a248045fdb9eb54c43285575508b6d0faa54d229ed0d312176e483c1bfdd2a18f99316139b0d9646f5688712b6564aac20a8921d78") }
[2025-06-05 12:41:25] [Connection] Packet sent successfully
[2025-06-05 12:41:25] [DEBUG] From peer_key: 03b3cb59c197140e12ba45c168c55a2728aae0f9dba98aceae44ac34fd9f3c41ae
[2025-06-05 12:41:53] [DEBUG] [Connection] Response sent successfully
[2025-06-05 12:41:53] [DEBUG] [Connection] Processing GetResponse message
[2025-06-05 12:41:53] [Connection] Received message from channel
[2025-06-05 12:41:53] [DEBUG] Received signal packet: TransportPacket { act: "request_contract", to: Some("023e64d1aa32f234a8b83547c94ee74109642166929428d5072738af194e12b938"), data: Some(ContractExecutionRequest(ContractExecutionRequest { contract_hash: "b235c38e6f732c738a353d56ff0d4b6831b4e10f8885c745841173e06def3bbe", function_name: "increment", payload: [48, 51, 99, 97, 57, 56, 99, 55, 48, 55, 102, 51, 101, 98, 102, 97, 57, 49, 55, 55, 48, 100, 55, 99, 57, 54, 52, 98, 56, 99, 49, 48, 102, 100, 56, 55, 56, 48, 56, 55, 50, 97, 51, 100, 52, 57, 52, 51, 102, 54, 49, 102, 54, 57, 51, 50, 97, 98, 56, 97, 54, 97, 50, 52, 51, 100], peer_id: "03ca98c707f3ebfa91770d7c964b8c10fd8780872a3d4943f61f6932ab8a6a243d" })), protocol: SIGNAL, peer_key: "03b3cb59c197140e12ba45c168c55a2728aae0f9dba98aceae44ac34fd9f3c41ae", uuid: "7c787a34-f761-4615-ba79-d0f44c067548", nodes: [], signature: Some("2376a66ebe23cf3cd1f8559e404aec5333707aef615000e93e0bbd23b7603420758e7524a9664985644673246efddddd7f2849f4f1ed668b04056922ae4b0c1c") }
[2025-06-05 12:41:53] [Connection] Packet sent successfully
[2025-06-05 12:41:53] [DEBUG] From peer_key: 03b3cb59c197140e12ba45c168c55a2728aae0f9dba98aceae44ac34fd9f3c41ae
[2025-06-05 12:43:49] [ERROR] [Connection] Signature verification failed: Missing signature. Packet: {"act":"request_fragments","to":"023e64d1aa32f234a8b83547c94ee74109642166929428d5072738af194e12b938","data":null,"protocol":"SIGNAL","peer_key":"03b3cb59c197140e12ba45c168c55a2728aae0f9dba98aceae44ac34fd9f3c41ae","uuid":"10d8ed9e-a568-4aec-9f2d-3d1b777df0c7","nodes":[],"signature":null}
[2025-06-05 12:43:49] [ERROR] [Connection] Failed to receive message: Signature verification failed: Missing signature
[2025-06-05 12:43:49] [Connection] Attempting to reconnect (attempt 1/10)
[2025-06-05 12:43:49] [Connection] Packet sent successfully
[2025-06-05 12:43:49] [Connection] Received message from channel
[2025-06-05 12:43:49] [DEBUG] [Connection] Processing GetResponse message
[2025-06-05 12:43:49] [DEBUG] [Connection] Response sent successfully
[2025-06-05 12:43:49] [Connection] Received message from channel
[2025-06-05 12:43:49] [DEBUG] [Connection] Processing GetResponse message
[2025-06-05 12:43:49] [DEBUG] [Connection] Response sent successfully
[2025-06-05 12:43:49] [DEBUG] [Connection] Processing GetResponse message
[2025-06-05 12:43:49] [Connection] Received message from channel
[2025-06-05 12:43:49] [DEBUG] Received signal packet: TransportPacket { act: "request_fragments", to: Some("023e64d1aa32f234a8b83547c94ee74109642166929428d5072738af194e12b938"), data: None, protocol: SIGNAL, peer_key: "03b3cb59c197140e12ba45c168c55a2728aae0f9dba98aceae44ac34fd9f3c41ae", uuid: "8ead8f85-cdb9-4ee2-9c29-ae94ec89d34b", nodes: [], signature: Some("df89582b7cd6b399f5881ff0289d8d3bfc8f0ee87cce8ada6a6b0c495efd16d26948443ba6a1d03690fa2cabd3850dc15f12f7e5f122818f4449e78d941b48c4") }
[2025-06-05 12:43:49] [Connection] Packet sent successfully
[2025-06-05 12:43:49] [DEBUG] From peer_key: 03b3cb59c197140e12ba45c168c55a2728aae0f9dba98aceae44ac34fd9f3c41ae
[2025-06-05 12:43:49] [DEBUG] Received signal packet: TransportPacket { act: "peer_list", to: Some("023e64d1aa32f234a8b83547c94ee74109642166929428d5072738af194e12b938"), data: Some(SyncPeerInfoData(SyncPeerInfoData { peers: [SyncPeerInfo { uuid: "03ca98c707f3ebfa91770d7c964b8c10fd8780872a3d4943f61f6932ab8a6a243d" }, SyncPeerInfo { uuid: "023e64d1aa32f234a8b83547c94ee74109642166929428d5072738af194e12b938" }] })), protocol: SIGNAL, peer_key: "03b3cb59c197140e12ba45c168c55a2728aae0f9dba98aceae44ac34fd9f3c41ae", uuid: "31fc3b2d-e6c5-4519-a884-5aeddc604bf3", nodes: [], signature: Some("618bafd2466d6ed12ab668fb4f1600fb9b11ee0f508d9ee30c2d47baeaf8d6e0409e58c1cb2f33f2b65bcd6afdb96ec7ed0fe24ba443cb28d776a71099a3400e") }
[2025-06-05 12:43:49] [PEER] Received peer list:
[2025-06-05 12:43:49] [PEER] Peer - KEY: 03ca98c707f3ebfa91770d7c964b8c10fd8780872a3d4943f61f6932ab8a6a243d
[2025-06-05 12:43:49] [PEER] Peer - KEY: 023e64d1aa32f234a8b83547c94ee74109642166929428d5072738af194e12b938
[2025-06-05 12:43:49] [DEBUG] From peer_key: 03b3cb59c197140e12ba45c168c55a2728aae0f9dba98aceae44ac34fd9f3c41ae
[2025-06-05 12:48:49] [ERROR] [Connection] Signature verification failed: Missing signature. Packet: {"act":"request_fragments","to":"023e64d1aa32f234a8b83547c94ee74109642166929428d5072738af194e12b938","data":null,"protocol":"SIGNAL","peer_key":"03b3cb59c197140e12ba45c168c55a2728aae0f9dba98aceae44ac34fd9f3c41ae","uuid":"963e213f-6dee-4da7-8b8a-0b0d22861a7e","nodes":[],"signature":null}
[2025-06-05 12:48:49] [ERROR] [Connection] Failed to receive message: Signature verification failed: Missing signature
[2025-06-05 12:48:49] [Connection] Attempting to reconnect (attempt 2/10)
[2025-06-05 12:48:49] [Connection] Packet sent successfully
[2025-06-05 12:48:49] [DEBUG] [Connection] Processing GetResponse message
[2025-06-05 12:48:49] [Connection] Received message from channel
[2025-06-05 12:48:49] [DEBUG] [Connection] Response sent successfully
[2025-06-05 12:48:49] [Connection] Received message from channel
[2025-06-05 12:48:49] [DEBUG] [Connection] Processing GetResponse message
[2025-06-05 12:48:49] [DEBUG] [Connection] Response sent successfully
[2025-06-05 12:48:49] [Connection] Received message from channel
[2025-06-05 12:48:49] [DEBUG] [Connection] Processing GetResponse message
[2025-06-05 12:48:49] [DEBUG] Received signal packet: TransportPacket { act: "request_fragments", to: Some("023e64d1aa32f234a8b83547c94ee74109642166929428d5072738af194e12b938"), data: None, protocol: SIGNAL, peer_key: "03b3cb59c197140e12ba45c168c55a2728aae0f9dba98aceae44ac34fd9f3c41ae", uuid: "06a06228-25f9-4caa-9140-d9747b912752", nodes: [], signature: Some("9bac54807979194c7bc4ed108c01903525c8e4e6fd1ac84d92ca107da4113a1a14707d0d9379a8a61b0453b5d423498b9f68465f1e74d248d2bddcc1af370c9f") }
[2025-06-05 12:48:49] [Connection] Packet sent successfully
[2025-06-05 12:48:49] [DEBUG] From peer_key: 03b3cb59c197140e12ba45c168c55a2728aae0f9dba98aceae44ac34fd9f3c41ae
[2025-06-05 12:48:49] [DEBUG] Received signal packet: TransportPacket { act: "peer_list", to: Some("023e64d1aa32f234a8b83547c94ee74109642166929428d5072738af194e12b938"), data: Some(SyncPeerInfoData(SyncPeerInfoData { peers: [SyncPeerInfo { uuid: "023e64d1aa32f234a8b83547c94ee74109642166929428d5072738af194e12b938" }] })), protocol: SIGNAL, peer_key: "03b3cb59c197140e12ba45c168c55a2728aae0f9dba98aceae44ac34fd9f3c41ae", uuid: "264807f6-d159-486f-bbfb-bca59c6005a0", nodes: [], signature: Some("aa274135126433ec7fcee80fa64eaef24ff443f87d658f62fd42d037c2199ab2321cf7c6ac7c75d62a6f6d2caf3cec9b43675a556e98b8bef7476dedf004e158") }
[2025-06-05 12:48:49] [PEER] Received peer list:
[2025-06-05 12:48:49] [DEBUG] From peer_key: 03b3cb59c197140e12ba45c168c55a2728aae0f9dba98aceae44ac34fd9f3c41ae
[2025-06-05 12:48:49] [PEER] Peer - KEY: 023e64d1aa32f234a8b83547c94ee74109642166929428d5072738af194e12b938
