[2025-06-05 12:41:24] [HTTP Proxy] Listening on http://0.0.0.0:81
[2025-06-05 12:41:24] [WARNING] [HTTP Proxy] Port 80 is busy, trying 81
[2025-06-05 12:41:24] [Connection] Packet sent successfully
[2025-06-05 12:41:24] [Connection] Connect packet sent successfully
[2025-06-05 12:41:24] [Connection] Processing messages started
[2025-06-05 12:41:24] [Peer] Your UUID: 03ca98c707f3ebfa91770d7c964b8c10fd8780872a3d4943f61f6932ab8a6a243d
[2025-06-05 12:41:24] [Peer] Starting peer...
[2025-06-05 12:41:24] [DEBUG] Starting to handle incoming packets...
[2025-06-05 12:41:24] [Connection] Packet sent successfully
[2025-06-05 12:41:24] [Connection] Peer info request sent successfully
[2025-06-05 12:41:24] [Connection] Starting message processing loop
[2025-06-05 12:41:24] [Connection] Received message from channel
[2025-06-05 12:41:24] [DEBUG] [Connection] Processing GetResponse message
[2025-06-05 12:41:24] [DEBUG] [Connection] Response sent successfully
[2025-06-05 12:41:24] [Connection] Received message from channel
[2025-06-05 12:41:24] [DEBUG] [Connection] Processing GetResponse message
[2025-06-05 12:41:24] [DEBUG] [Connection] Response sent successfully
[2025-06-05 12:41:24] [Connection] Received message from channel
[2025-06-05 12:41:24] [DEBUG] [Connection] Processing GetResponse message
[2025-06-05 12:41:24] [DEBUG] Received signal packet: TransportPacket { act: "request_fragments", to: Some("03ca98c707f3ebfa91770d7c964b8c10fd8780872a3d4943f61f6932ab8a6a243d"), data: None, protocol: SIGNAL, peer_key: "03b3cb59c197140e12ba45c168c55a2728aae0f9dba98aceae44ac34fd9f3c41ae", uuid: "2b8cd547-7038-4d29-aa65-ab97a946f2ba", nodes: [], signature: Some("4b1ec0087c7cd2f48cd12319eda3bb89203d4f91e245f5b5a055a85f0f8537620797ac43fbb465fc1e39dc16d795bdd4215cca7a1b1b1ccd836e2e8370784ee5") }
[2025-06-05 12:41:24] [Connection] Packet sent successfully
[2025-06-05 12:41:24] [DEBUG] From peer_key: 03b3cb59c197140e12ba45c168c55a2728aae0f9dba98aceae44ac34fd9f3c41ae
[2025-06-05 12:41:24] [DEBUG] Received signal packet: TransportPacket { act: "peer_list", to: Some("03ca98c707f3ebfa91770d7c964b8c10fd8780872a3d4943f61f6932ab8a6a243d"), data: Some(SyncPeerInfoData(SyncPeerInfoData { peers: [SyncPeerInfo { uuid: "023e64d1aa32f234a8b83547c94ee74109642166929428d5072738af194e12b938" }, SyncPeerInfo { uuid: "03ca98c707f3ebfa91770d7c964b8c10fd8780872a3d4943f61f6932ab8a6a243d" }] })), protocol: SIGNAL, peer_key: "03b3cb59c197140e12ba45c168c55a2728aae0f9dba98aceae44ac34fd9f3c41ae", uuid: "4b890d52-f5ab-4af7-a1ab-f76a1bc21a38", nodes: [], signature: Some("4502a7e9c4f8b484cb5417681b14b7673b6b5b692010c318f4cb25f7d3cfc8ef02fe2d64c9479694a00f6f1cdb36f312bc51c605db2362354fba539807404561") }
[2025-06-05 12:41:24] [PEER] Received peer list:
[2025-06-05 12:41:24] [PEER] Peer - KEY: 023e64d1aa32f234a8b83547c94ee74109642166929428d5072738af194e12b938
[2025-06-05 12:41:24] [DEBUG] From peer_key: 03b3cb59c197140e12ba45c168c55a2728aae0f9dba98aceae44ac34fd9f3c41ae
[2025-06-05 12:41:24] [PEER] Peer - KEY: 03ca98c707f3ebfa91770d7c964b8c10fd8780872a3d4943f61f6932ab8a6a243d
[2025-06-05 12:41:24] [DEBUG] [Connection] Response sent successfully
[2025-06-05 12:41:24] [Connection] Received message from channel
[2025-06-05 12:41:24] [DEBUG] [Connection] Processing GetResponse message
[2025-06-05 12:41:24] [DEBUG] [Connection] Response sent successfully
[2025-06-05 12:41:24] [DEBUG] [Connection] Processing GetResponse message
[2025-06-05 12:41:24] [Connection] Received message from channel
[2025-06-05 12:41:24] [DEBUG] Received signal packet: TransportPacket { act: "request_fragments", to: Some("03ca98c707f3ebfa91770d7c964b8c10fd8780872a3d4943f61f6932ab8a6a243d"), data: None, protocol: SIGNAL, peer_key: "03b3cb59c197140e12ba45c168c55a2728aae0f9dba98aceae44ac34fd9f3c41ae", uuid: "136c4987-7a90-400a-83fe-250926e9eb24", nodes: [], signature: Some("eb02cc61aeb675c7f825553bfdb2dc3ff993dfbc44cea7615eae12dee3a273e46a026d88230b99091452610327423c310cf6820343f8c1eb33446aa60a08761a") }
[2025-06-05 12:41:24] [Connection] Packet sent successfully
[2025-06-05 12:41:24] [DEBUG] From peer_key: 03b3cb59c197140e12ba45c168c55a2728aae0f9dba98aceae44ac34fd9f3c41ae
[2025-06-05 12:41:24] [DEBUG] Received signal packet: TransportPacket { act: "peer_list", to: Some("03ca98c707f3ebfa91770d7c964b8c10fd8780872a3d4943f61f6932ab8a6a243d"), data: Some(SyncPeerInfoData(SyncPeerInfoData { peers: [SyncPeerInfo { uuid: "023e64d1aa32f234a8b83547c94ee74109642166929428d5072738af194e12b938" }, SyncPeerInfo { uuid: "03ca98c707f3ebfa91770d7c964b8c10fd8780872a3d4943f61f6932ab8a6a243d" }] })), protocol: SIGNAL, peer_key: "03b3cb59c197140e12ba45c168c55a2728aae0f9dba98aceae44ac34fd9f3c41ae", uuid: "61ed6747-e52e-4ecb-9027-4a6afdbf02be", nodes: [], signature: Some("4ed1f78ff14174ffe5c96892e528563860d59b69a662ce2895cf5c6653fef20918680c30361e9e8c2dafdfd42018e06abb87d78086d10d1e8b971f3b681f9498") }
[2025-06-05 12:41:24] [PEER] Received peer list:
[2025-06-05 12:41:24] [PEER] Peer - KEY: 023e64d1aa32f234a8b83547c94ee74109642166929428d5072738af194e12b938
[2025-06-05 12:41:24] [PEER] Peer - KEY: 03ca98c707f3ebfa91770d7c964b8c10fd8780872a3d4943f61f6932ab8a6a243d
[2025-06-05 12:41:24] [DEBUG] From peer_key: 03b3cb59c197140e12ba45c168c55a2728aae0f9dba98aceae44ac34fd9f3c41ae
[2025-06-05 12:41:25] [ERROR] [Connection] Signature verification failed: Signature verification failed: signature error. Packet: {"act":"contract_execution_response","to":"03ca98c707f3ebfa91770d7c964b8c10fd8780872a3d4943f61f6932ab8a6a243d","data":{"ContractExecutionResponse":{"contract_hash":"b235c38e6f732c738a353d56ff0d4b6831b4e10f8885c745841173e06def3bbe","result":[82],"peer_id":"023e64d1aa32f234a8b83547c94ee74109642166929428d5072738af194e12b938"}},"protocol":"SIGNAL","peer_key":"023e64d1aa32f234a8b83547c94ee74109642166929428d5072738af194e12b938","uuid":"2f5552a7-2d96-4cbb-a636-7ac20343cf31","nodes":[],"signature":"ee65752a30249c28f623fa72a64575b03e6e28dabe13af7da934a3848c7a7e5339392e2e8d5ded38bc6a2579f33921cae54deb94c4753f0e14e406a91909d071"}
[2025-06-05 12:41:25] [ERROR] [Connection] Failed to receive message: Signature verification failed: Signature verification failed: signature error
[2025-06-05 12:41:25] [Connection] Attempting to reconnect (attempt 1/10)
[2025-06-05 12:41:25] [Connection] Packet sent successfully
[2025-06-05 12:41:25] [DEBUG] [Connection] Processing GetResponse message
[2025-06-05 12:41:25] [Connection] Received message from channel
[2025-06-05 12:41:25] [DEBUG] [Connection] Response sent successfully
[2025-06-05 12:41:25] [Connection] Received message from channel
[2025-06-05 12:41:25] [DEBUG] [Connection] Processing GetResponse message
[2025-06-05 12:41:25] [DEBUG] [Connection] Response sent successfully
[2025-06-05 12:41:25] [DEBUG] [Connection] Processing GetResponse message
[2025-06-05 12:41:25] [Connection] Received message from channel
[2025-06-05 12:41:25] [DEBUG] Received signal packet: TransportPacket { act: "request_fragments", to: Some("03ca98c707f3ebfa91770d7c964b8c10fd8780872a3d4943f61f6932ab8a6a243d"), data: None, protocol: SIGNAL, peer_key: "03b3cb59c197140e12ba45c168c55a2728aae0f9dba98aceae44ac34fd9f3c41ae", uuid: "ecc03aff-2f0c-4de4-9e62-66a2b4b9af15", nodes: [], signature: Some("1155555a24d02f0e65a9c30b07468ec871c21b15cdbd0a93237468876ce6e5056772bf7ae2456dc85aa90e6714e5325deabb474fcd4a3c65ecfbe0ded761dbbe") }
[2025-06-05 12:41:25] [Connection] Packet sent successfully
[2025-06-05 12:41:25] [DEBUG] From peer_key: 03b3cb59c197140e12ba45c168c55a2728aae0f9dba98aceae44ac34fd9f3c41ae
[2025-06-05 12:41:25] [DEBUG] Received signal packet: TransportPacket { act: "peer_list", to: Some("03ca98c707f3ebfa91770d7c964b8c10fd8780872a3d4943f61f6932ab8a6a243d"), data: Some(SyncPeerInfoData(SyncPeerInfoData { peers: [SyncPeerInfo { uuid: "023e64d1aa32f234a8b83547c94ee74109642166929428d5072738af194e12b938" }, SyncPeerInfo { uuid: "03ca98c707f3ebfa91770d7c964b8c10fd8780872a3d4943f61f6932ab8a6a243d" }] })), protocol: SIGNAL, peer_key: "03b3cb59c197140e12ba45c168c55a2728aae0f9dba98aceae44ac34fd9f3c41ae", uuid: "8098b168-19cd-45f5-a831-9c780a833f2f", nodes: [], signature: Some("4df294c45626648e5dff297327b8106186e0879b0cae1fee01e3be2952673cbc5a3fb604c121345fbc6a2ba453ec6ada03a7088d46595d6637d336f8900a391a") }
[2025-06-05 12:41:25] [PEER] Received peer list:
[2025-06-05 12:41:25] [PEER] Peer - KEY: 023e64d1aa32f234a8b83547c94ee74109642166929428d5072738af194e12b938
[2025-06-05 12:41:25] [PEER] Peer - KEY: 03ca98c707f3ebfa91770d7c964b8c10fd8780872a3d4943f61f6932ab8a6a243d
[2025-06-05 12:41:25] [DEBUG] From peer_key: 03b3cb59c197140e12ba45c168c55a2728aae0f9dba98aceae44ac34fd9f3c41ae
[2025-06-05 12:41:25] [Connection] Packet sent successfully
[2025-06-05 12:41:50] [Connection] Packet sent successfully
[2025-06-05 12:41:52] [DEBUG] [Connection] Response sent successfully
[2025-06-05 12:41:52] [DEBUG] [Connection] Processing GetResponse message
[2025-06-05 12:41:52] [Connection] Received message from channel
[2025-06-05 12:41:52] [DEBUG] Received signal packet: TransportPacket { act: "peer_list", to: Some("03ca98c707f3ebfa91770d7c964b8c10fd8780872a3d4943f61f6932ab8a6a243d"), data: Some(SyncPeerInfoData(SyncPeerInfoData { peers: [SyncPeerInfo { uuid: "023e64d1aa32f234a8b83547c94ee74109642166929428d5072738af194e12b938" }, SyncPeerInfo { uuid: "03ca98c707f3ebfa91770d7c964b8c10fd8780872a3d4943f61f6932ab8a6a243d" }] })), protocol: SIGNAL, peer_key: "03b3cb59c197140e12ba45c168c55a2728aae0f9dba98aceae44ac34fd9f3c41ae", uuid: "c2407252-aaa9-4704-9b66-44e6fec9b41c", nodes: [], signature: Some("62d523bc809c98da2d9fec4840da05539dce2168fd3f0673120b6cd5c549eb171720d4ae236c6a4f19e993d25849c73b2d842cc3e99fa7cf9a0e265dc0eb0b58") }
[2025-06-05 12:41:52] [PEER] Received peer list:
[2025-06-05 12:41:52] [PEER] Peer - KEY: 023e64d1aa32f234a8b83547c94ee74109642166929428d5072738af194e12b938
[2025-06-05 12:41:52] [PEER] Peer - KEY: 03ca98c707f3ebfa91770d7c964b8c10fd8780872a3d4943f61f6932ab8a6a243d
[2025-06-05 12:41:52] [DEBUG] From peer_key: 03b3cb59c197140e12ba45c168c55a2728aae0f9dba98aceae44ac34fd9f3c41ae
[2025-06-05 12:41:52] [Connection] Packet sent successfully
[2025-06-05 12:41:53] [ERROR] [Connection] Signature verification failed: Signature verification failed: signature error. Packet: {"act":"contract_execution_response","to":"03ca98c707f3ebfa91770d7c964b8c10fd8780872a3d4943f61f6932ab8a6a243d","data":{"ContractExecutionResponse":{"contract_hash":"b235c38e6f732c738a353d56ff0d4b6831b4e10f8885c745841173e06def3bbe","result":[82],"peer_id":"023e64d1aa32f234a8b83547c94ee74109642166929428d5072738af194e12b938"}},"protocol":"SIGNAL","peer_key":"023e64d1aa32f234a8b83547c94ee74109642166929428d5072738af194e12b938","uuid":"fad26e78-4a81-4950-969e-a04b39071888","nodes":[],"signature":"e5d3941e2e25a4c987479939fbef2a0da50944347fae3353fd7f1b933ab0d11862564e467d9b745273a3e24e5eacb2409d49894bc9281fd549c4cf5f771c0e96"}
[2025-06-05 12:41:53] [ERROR] [Connection] Failed to receive message: Signature verification failed: Signature verification failed: signature error
[2025-06-05 12:41:53] [Connection] Attempting to reconnect (attempt 2/10)
[2025-06-05 12:41:53] [Connection] Packet sent successfully
[2025-06-05 12:41:53] [DEBUG] [Connection] Processing GetResponse message
[2025-06-05 12:41:53] [Connection] Received message from channel
[2025-06-05 12:41:53] [DEBUG] [Connection] Response sent successfully
[2025-06-05 12:41:53] [Connection] Received message from channel
[2025-06-05 12:41:53] [DEBUG] [Connection] Processing GetResponse message
[2025-06-05 12:41:53] [DEBUG] [Connection] Response sent successfully
[2025-06-05 12:41:53] [DEBUG] [Connection] Processing GetResponse message
[2025-06-05 12:41:53] [Connection] Received message from channel
[2025-06-05 12:41:53] [DEBUG] Received signal packet: TransportPacket { act: "request_fragments", to: Some("03ca98c707f3ebfa91770d7c964b8c10fd8780872a3d4943f61f6932ab8a6a243d"), data: None, protocol: SIGNAL, peer_key: "03b3cb59c197140e12ba45c168c55a2728aae0f9dba98aceae44ac34fd9f3c41ae", uuid: "cdacccbf-2d05-4b5d-80f2-10f0392ec55f", nodes: [], signature: Some("0e55ae4ba2d029956dbe64c4073d32bf3b35b3607587c9385f08cb5e574f39a53a66aae4bb81b7fda4f82a3830ac9fc376a9f24bb48df00bdf6857556ef5154c") }
[2025-06-05 12:41:53] [Connection] Packet sent successfully
[2025-06-05 12:41:53] [DEBUG] From peer_key: 03b3cb59c197140e12ba45c168c55a2728aae0f9dba98aceae44ac34fd9f3c41ae
[2025-06-05 12:41:53] [DEBUG] Received signal packet: TransportPacket { act: "peer_list", to: Some("03ca98c707f3ebfa91770d7c964b8c10fd8780872a3d4943f61f6932ab8a6a243d"), data: Some(SyncPeerInfoData(SyncPeerInfoData { peers: [SyncPeerInfo { uuid: "023e64d1aa32f234a8b83547c94ee74109642166929428d5072738af194e12b938" }, SyncPeerInfo { uuid: "03ca98c707f3ebfa91770d7c964b8c10fd8780872a3d4943f61f6932ab8a6a243d" }] })), protocol: SIGNAL, peer_key: "03b3cb59c197140e12ba45c168c55a2728aae0f9dba98aceae44ac34fd9f3c41ae", uuid: "99cdfabd-e0b5-4e5b-973b-8844aefb8154", nodes: [], signature: Some("e47c5037ad28c8a21422506d38459e7c3f186abc5da4570a81efa4d713394e2071daaf1799a4f89da5c4fdc96ceddb804f6c1630ba7f2415e5ec4f04b7aa2467") }
[2025-06-05 12:41:53] [PEER] Received peer list:
[2025-06-05 12:41:53] [PEER] Peer - KEY: 023e64d1aa32f234a8b83547c94ee74109642166929428d5072738af194e12b938
[2025-06-05 12:41:53] [PEER] Peer - KEY: 03ca98c707f3ebfa91770d7c964b8c10fd8780872a3d4943f61f6932ab8a6a243d
[2025-06-05 12:41:53] [DEBUG] From peer_key: 03b3cb59c197140e12ba45c168c55a2728aae0f9dba98aceae44ac34fd9f3c41ae
[2025-06-05 12:43:49] [ERROR] [Connection] Signature verification failed: Missing signature. Packet: {"act":"request_fragments","to":"03ca98c707f3ebfa91770d7c964b8c10fd8780872a3d4943f61f6932ab8a6a243d","data":null,"protocol":"SIGNAL","peer_key":"03b3cb59c197140e12ba45c168c55a2728aae0f9dba98aceae44ac34fd9f3c41ae","uuid":"99e40c7a-bec3-4400-a53d-7991c379ece0","nodes":[],"signature":null}
[2025-06-05 12:43:49] [ERROR] [Connection] Failed to receive message: Signature verification failed: Missing signature
[2025-06-05 12:43:49] [Connection] Attempting to reconnect (attempt 3/10)
[2025-06-05 12:43:49] [Connection] Packet sent successfully
[2025-06-05 12:43:49] [DEBUG] [Connection] Processing GetResponse message
[2025-06-05 12:43:49] [Connection] Received message from channel
[2025-06-05 12:43:49] [DEBUG] [Connection] Response sent successfully
[2025-06-05 12:43:49] [DEBUG] [Connection] Processing GetResponse message
[2025-06-05 12:43:49] [Connection] Received message from channel
[2025-06-05 12:43:49] [DEBUG] Received signal packet: TransportPacket { act: "request_fragments", to: Some("03ca98c707f3ebfa91770d7c964b8c10fd8780872a3d4943f61f6932ab8a6a243d"), data: None, protocol: SIGNAL, peer_key: "03b3cb59c197140e12ba45c168c55a2728aae0f9dba98aceae44ac34fd9f3c41ae", uuid: "9c70768a-b716-4454-8337-56d9a2f27ba7", nodes: [], signature: Some("1256535f070257e07b7a5a28a1c826bc79216776cc8094336b829626e89158563798884f766b889b118689be96bc32f6b60473fd64f9ad5eb6d11788c7a5b480") }
[2025-06-05 12:43:49] [Connection] Packet sent successfully
[2025-06-05 12:43:49] [DEBUG] From peer_key: 03b3cb59c197140e12ba45c168c55a2728aae0f9dba98aceae44ac34fd9f3c41ae
[2025-06-05 12:48:49] [ERROR] [Connection] Signature verification failed: Missing signature. Packet: {"act":"request_fragments","to":"03ca98c707f3ebfa91770d7c964b8c10fd8780872a3d4943f61f6932ab8a6a243d","data":null,"protocol":"SIGNAL","peer_key":"03b3cb59c197140e12ba45c168c55a2728aae0f9dba98aceae44ac34fd9f3c41ae","uuid":"7ca061ec-0796-491b-9c8b-2bf4c61866a7","nodes":[],"signature":null}
[2025-06-05 12:48:49] [ERROR] [Connection] Failed to receive message: Signature verification failed: Missing signature
[2025-06-05 12:48:49] [Connection] Attempting to reconnect (attempt 4/10)
[2025-06-05 12:48:49] [Connection] Packet sent successfully
[2025-06-05 12:48:49] [DEBUG] [Connection] Processing GetResponse message
[2025-06-05 12:48:49] [Connection] Received message from channel
[2025-06-05 12:48:49] [DEBUG] [Connection] Response sent successfully
[2025-06-05 12:48:49] [Connection] Received message from channel
[2025-06-05 12:48:49] [DEBUG] [Connection] Processing GetResponse message
[2025-06-05 12:48:49] [DEBUG] [Connection] Response sent successfully
[2025-06-05 12:48:49] [DEBUG] [Connection] Processing GetResponse message
[2025-06-05 12:48:49] [Connection] Received message from channel
[2025-06-05 12:48:49] [DEBUG] Received signal packet: TransportPacket { act: "request_fragments", to: Some("03ca98c707f3ebfa91770d7c964b8c10fd8780872a3d4943f61f6932ab8a6a243d"), data: None, protocol: SIGNAL, peer_key: "03b3cb59c197140e12ba45c168c55a2728aae0f9dba98aceae44ac34fd9f3c41ae", uuid: "6b16f938-b0c0-4812-84a1-4b0c3dd7df6f", nodes: [], signature: Some("0d7c64d81570072cd68695a10a48f5cf44dc957994d667357cd01a6c558e66296742ebe9821cef1b4426b4ea4bd19b465314428e6ef99caa6308e0684b0c232d") }
[2025-06-05 12:48:49] [Connection] Packet sent successfully
[2025-06-05 12:48:49] [DEBUG] From peer_key: 03b3cb59c197140e12ba45c168c55a2728aae0f9dba98aceae44ac34fd9f3c41ae
[2025-06-05 12:48:49] [DEBUG] Received signal packet: TransportPacket { act: "peer_list", to: Some("03ca98c707f3ebfa91770d7c964b8c10fd8780872a3d4943f61f6932ab8a6a243d"), data: Some(SyncPeerInfoData(SyncPeerInfoData { peers: [SyncPeerInfo { uuid: "023e64d1aa32f234a8b83547c94ee74109642166929428d5072738af194e12b938" }, SyncPeerInfo { uuid: "03ca98c707f3ebfa91770d7c964b8c10fd8780872a3d4943f61f6932ab8a6a243d" }] })), protocol: SIGNAL, peer_key: "03b3cb59c197140e12ba45c168c55a2728aae0f9dba98aceae44ac34fd9f3c41ae", uuid: "6ed86566-18f7-4b62-8a39-da3ffdfc3021", nodes: [], signature: Some("92383be00be104713124a8850684c18d186b7c9088635f7f8989182b2976d9352f1dda34124bd50b50f8ec415e30c5c72df25c6c7c72c31b744434df3d425dd7") }
[2025-06-05 12:48:49] [PEER] Received peer list:
[2025-06-05 12:48:49] [PEER] Peer - KEY: 023e64d1aa32f234a8b83547c94ee74109642166929428d5072738af194e12b938
[2025-06-05 12:48:49] [PEER] Peer - KEY: 03ca98c707f3ebfa91770d7c964b8c10fd8780872a3d4943f61f6932ab8a6a243d
[2025-06-05 12:48:49] [DEBUG] From peer_key: 03b3cb59c197140e12ba45c168c55a2728aae0f9dba98aceae44ac34fd9f3c41ae
