[2025-06-02 14:54:10] [HTTP Proxy] Listening on http://0.0.0.0:80
[2025-06-02 14:54:10] [Peer] Your UUID: 03ca98c707f3ebfa91770d7c964b8c10fd8780872a3d4943f61f6932ab8a6a243d
[2025-06-02 14:54:10] [Peer] Starting peer...
[2025-06-02 14:54:10] [DEBUG] Starting to handle incoming packets...
[2025-06-02 14:54:10] [DEBUG] Received signal packet: TransportPacket { act: "request_fragments", to: Some("03ca98c707f3ebfa91770d7c964b8c10fd8780872a3d4943f61f6932ab8a6a243d"), data: None, protocol: SIGNAL, peer_key: "02d44897d9e9260b2cad1edf4f80e6d2c399722f197ef969eed24a6f35a5f06341", uuid: "45ae8ee6-b840-43af-a269-399b1aed494d", nodes: [] }
[2025-06-02 14:54:10] [DEBUG] From peer_key: 02d44897d9e9260b2cad1edf4f80e6d2c399722f197ef969eed24a6f35a5f06341
[2025-06-02 14:54:10] [DEBUG] Received signal packet: TransportPacket { act: "peer_list", to: Some("03ca98c707f3ebfa91770d7c964b8c10fd8780872a3d4943f61f6932ab8a6a243d"), data: Some(SyncPeerInfoData(SyncPeerInfoData { peers: [SyncPeerInfo { uuid: "03ca98c707f3ebfa91770d7c964b8c10fd8780872a3d4943f61f6932ab8a6a243d" }] })), protocol: SIGNAL, peer_key: "02d44897d9e9260b2cad1edf4f80e6d2c399722f197ef969eed24a6f35a5f06341", uuid: "6a94e73e-85b4-42aa-bb7d-91654dd9e590", nodes: [] }
[2025-06-02 14:54:10] [PEER] Received peer list:
[2025-06-02 14:54:10] [PEER] Peer - KEY: 03ca98c707f3ebfa91770d7c964b8c10fd8780872a3d4943f61f6932ab8a6a243d
[2025-06-02 14:54:10] [DEBUG] From peer_key: 02d44897d9e9260b2cad1edf4f80e6d2c399722f197ef969eed24a6f35a5f06341
[2025-06-02 14:54:10] [DEBUG] From peer_key: 02d44897d9e9260b2cad1edf4f80e6d2c399722f197ef969eed24a6f35a5f06341
[2025-06-02 14:54:10] [DEBUG] Received signal packet: TransportPacket { act: "request_fragments", to: Some("03ca98c707f3ebfa91770d7c964b8c10fd8780872a3d4943f61f6932ab8a6a243d"), data: None, protocol: SIGNAL, peer_key: "02d44897d9e9260b2cad1edf4f80e6d2c399722f197ef969eed24a6f35a5f06341", uuid: "76f1f3cc-69e0-48c1-9a48-55ddd6a9ab1f", nodes: [] }
[2025-06-02 14:54:10] [DEBUG] Received signal packet: TransportPacket { act: "peer_list", to: Some("03ca98c707f3ebfa91770d7c964b8c10fd8780872a3d4943f61f6932ab8a6a243d"), data: Some(SyncPeerInfoData(SyncPeerInfoData { peers: [SyncPeerInfo { uuid: "03ca98c707f3ebfa91770d7c964b8c10fd8780872a3d4943f61f6932ab8a6a243d" }] })), protocol: SIGNAL, peer_key: "02d44897d9e9260b2cad1edf4f80e6d2c399722f197ef969eed24a6f35a5f06341", uuid: "9835ee1d-af24-4bd4-851d-12a17834d6bc", nodes: [] }
[2025-06-02 14:54:10] [PEER] Received peer list:
[2025-06-02 14:54:10] [PEER] Peer - KEY: 03ca98c707f3ebfa91770d7c964b8c10fd8780872a3d4943f61f6932ab8a6a243d
[2025-06-02 14:54:10] [DEBUG] From peer_key: 02d44897d9e9260b2cad1edf4f80e6d2c399722f197ef969eed24a6f35a5f06341
[2025-06-02 14:54:29] [HTTP Proxy] Listening on http://0.0.0.0:81
[2025-06-02 14:54:29] [WARNING] [HTTP Proxy] Port 80 is busy, trying 81
[2025-06-02 14:54:29] [Peer] Your UUID: 023e64d1aa32f234a8b83547c94ee74109642166929428d5072738af194e12b938
[2025-06-02 14:54:29] [Peer] Starting peer...
[2025-06-02 14:54:29] [DEBUG] Starting to handle incoming packets...
[2025-06-02 14:54:29] [DEBUG] Received signal packet: TransportPacket { act: "request_fragments", to: Some("023e64d1aa32f234a8b83547c94ee74109642166929428d5072738af194e12b938"), data: None, protocol: SIGNAL, peer_key: "02d44897d9e9260b2cad1edf4f80e6d2c399722f197ef969eed24a6f35a5f06341", uuid: "df7437ed-f8a8-4816-ac8e-cf96f5159ef1", nodes: [] }
[2025-06-02 14:54:29] [DEBUG] From peer_key: 02d44897d9e9260b2cad1edf4f80e6d2c399722f197ef969eed24a6f35a5f06341
[2025-06-02 14:54:29] [DEBUG] Received signal packet: TransportPacket { act: "peer_list", to: Some("023e64d1aa32f234a8b83547c94ee74109642166929428d5072738af194e12b938"), data: Some(SyncPeerInfoData(SyncPeerInfoData { peers: [SyncPeerInfo { uuid: "03ca98c707f3ebfa91770d7c964b8c10fd8780872a3d4943f61f6932ab8a6a243d" }, SyncPeerInfo { uuid: "023e64d1aa32f234a8b83547c94ee74109642166929428d5072738af194e12b938" }] })), protocol: SIGNAL, peer_key: "02d44897d9e9260b2cad1edf4f80e6d2c399722f197ef969eed24a6f35a5f06341", uuid: "2bd61565-e56d-422c-8424-6148194d3ba0", nodes: [] }
[2025-06-02 14:54:29] [PEER] Received peer list:
[2025-06-02 14:54:29] [PEER] Peer - KEY: 03ca98c707f3ebfa91770d7c964b8c10fd8780872a3d4943f61f6932ab8a6a243d
[2025-06-02 14:54:29] [DEBUG] From peer_key: 02d44897d9e9260b2cad1edf4f80e6d2c399722f197ef969eed24a6f35a5f06341
[2025-06-02 14:54:29] [PEER] Peer - KEY: 023e64d1aa32f234a8b83547c94ee74109642166929428d5072738af194e12b938
[2025-06-02 14:54:29] [DEBUG] From peer_key: 02d44897d9e9260b2cad1edf4f80e6d2c399722f197ef969eed24a6f35a5f06341
[2025-06-02 14:54:29] [DEBUG] Received signal packet: TransportPacket { act: "request_fragments", to: Some("023e64d1aa32f234a8b83547c94ee74109642166929428d5072738af194e12b938"), data: None, protocol: SIGNAL, peer_key: "02d44897d9e9260b2cad1edf4f80e6d2c399722f197ef969eed24a6f35a5f06341", uuid: "15b18097-07bb-4dd9-8b99-2d06e4c7ba7a", nodes: [] }
[2025-06-02 14:54:29] [DEBUG] Received signal packet: TransportPacket { act: "peer_list", to: Some("023e64d1aa32f234a8b83547c94ee74109642166929428d5072738af194e12b938"), data: Some(SyncPeerInfoData(SyncPeerInfoData { peers: [SyncPeerInfo { uuid: "03ca98c707f3ebfa91770d7c964b8c10fd8780872a3d4943f61f6932ab8a6a243d" }, SyncPeerInfo { uuid: "023e64d1aa32f234a8b83547c94ee74109642166929428d5072738af194e12b938" }] })), protocol: SIGNAL, peer_key: "02d44897d9e9260b2cad1edf4f80e6d2c399722f197ef969eed24a6f35a5f06341", uuid: "99646e1f-70fc-43d2-af69-109737593d84", nodes: [] }
[2025-06-02 14:54:29] [PEER] Received peer list:
[2025-06-02 14:54:29] [PEER] Peer - KEY: 03ca98c707f3ebfa91770d7c964b8c10fd8780872a3d4943f61f6932ab8a6a243d
[2025-06-02 14:54:29] [PEER] Peer - KEY: 023e64d1aa32f234a8b83547c94ee74109642166929428d5072738af194e12b938
[2025-06-02 14:54:29] [DEBUG] From peer_key: 02d44897d9e9260b2cad1edf4f80e6d2c399722f197ef969eed24a6f35a5f06341
[2025-06-02 14:54:41] [DEBUG] From peer_key: 02d44897d9e9260b2cad1edf4f80e6d2c399722f197ef969eed24a6f35a5f06341
[2025-06-02 14:54:41] [DEBUG] Received signal packet: TransportPacket { act: "request_fragments", to: Some("023e64d1aa32f234a8b83547c94ee74109642166929428d5072738af194e12b938"), data: None, protocol: SIGNAL, peer_key: "02d44897d9e9260b2cad1edf4f80e6d2c399722f197ef969eed24a6f35a5f06341", uuid: "c1aaa102-6484-41fa-86be-05dfd8e5af2d", nodes: [] }
[2025-06-02 14:54:41] [DEBUG] From peer_key: 02d44897d9e9260b2cad1edf4f80e6d2c399722f197ef969eed24a6f35a5f06341
[2025-06-02 14:54:41] [DEBUG] Received signal packet: TransportPacket { act: "request_fragments", to: Some("03ca98c707f3ebfa91770d7c964b8c10fd8780872a3d4943f61f6932ab8a6a243d"), data: None, protocol: SIGNAL, peer_key: "02d44897d9e9260b2cad1edf4f80e6d2c399722f197ef969eed24a6f35a5f06341", uuid: "2901f84e-f6f1-4cae-abef-1508e22fe821", nodes: [] }
[2025-06-02 14:59:41] [DEBUG] From peer_key: 02d44897d9e9260b2cad1edf4f80e6d2c399722f197ef969eed24a6f35a5f06341
[2025-06-02 14:59:41] [DEBUG] Received signal packet: TransportPacket { act: "request_fragments", to: Some("023e64d1aa32f234a8b83547c94ee74109642166929428d5072738af194e12b938"), data: None, protocol: SIGNAL, peer_key: "02d44897d9e9260b2cad1edf4f80e6d2c399722f197ef969eed24a6f35a5f06341", uuid: "ff4e7a62-6ccf-493f-bbbd-04d0f5a8e41f", nodes: [] }
[2025-06-02 14:59:41] [DEBUG] From peer_key: 02d44897d9e9260b2cad1edf4f80e6d2c399722f197ef969eed24a6f35a5f06341
[2025-06-02 14:59:41] [DEBUG] Received signal packet: TransportPacket { act: "request_fragments", to: Some("03ca98c707f3ebfa91770d7c964b8c10fd8780872a3d4943f61f6932ab8a6a243d"), data: None, protocol: SIGNAL, peer_key: "02d44897d9e9260b2cad1edf4f80e6d2c399722f197ef969eed24a6f35a5f06341", uuid: "deee162c-3608-4603-9f1f-8e876be25a11", nodes: [] }
[2025-06-02 15:04:41] [DEBUG] From peer_key: 02d44897d9e9260b2cad1edf4f80e6d2c399722f197ef969eed24a6f35a5f06341
[2025-06-02 15:04:41] [DEBUG] From peer_key: 02d44897d9e9260b2cad1edf4f80e6d2c399722f197ef969eed24a6f35a5f06341
[2025-06-02 15:04:41] [DEBUG] Received signal packet: TransportPacket { act: "request_fragments", to: Some("03ca98c707f3ebfa91770d7c964b8c10fd8780872a3d4943f61f6932ab8a6a243d"), data: None, protocol: SIGNAL, peer_key: "02d44897d9e9260b2cad1edf4f80e6d2c399722f197ef969eed24a6f35a5f06341", uuid: "257cd091-7bef-4a00-b2c4-c2501b4e9c2e", nodes: [] }
[2025-06-02 15:04:41] [DEBUG] Received signal packet: TransportPacket { act: "request_fragments", to: Some("023e64d1aa32f234a8b83547c94ee74109642166929428d5072738af194e12b938"), data: None, protocol: SIGNAL, peer_key: "02d44897d9e9260b2cad1edf4f80e6d2c399722f197ef969eed24a6f35a5f06341", uuid: "63505aa0-968a-463c-9f4a-03446fe90da4", nodes: [] }
[2025-06-02 15:09:41] [DEBUG] From peer_key: 02d44897d9e9260b2cad1edf4f80e6d2c399722f197ef969eed24a6f35a5f06341
[2025-06-02 15:09:41] [DEBUG] From peer_key: 02d44897d9e9260b2cad1edf4f80e6d2c399722f197ef969eed24a6f35a5f06341
[2025-06-02 15:09:41] [DEBUG] Received signal packet: TransportPacket { act: "request_fragments", to: Some("03ca98c707f3ebfa91770d7c964b8c10fd8780872a3d4943f61f6932ab8a6a243d"), data: None, protocol: SIGNAL, peer_key: "02d44897d9e9260b2cad1edf4f80e6d2c399722f197ef969eed24a6f35a5f06341", uuid: "a698ad39-d5de-40c6-8ad1-3065e6cab318", nodes: [] }
[2025-06-02 15:09:41] [DEBUG] Received signal packet: TransportPacket { act: "request_fragments", to: Some("023e64d1aa32f234a8b83547c94ee74109642166929428d5072738af194e12b938"), data: None, protocol: SIGNAL, peer_key: "02d44897d9e9260b2cad1edf4f80e6d2c399722f197ef969eed24a6f35a5f06341", uuid: "aa98afc0-bce6-4519-8632-7f7c54d3588c", nodes: [] }
[2025-06-02 15:14:41] [DEBUG] From peer_key: 02d44897d9e9260b2cad1edf4f80e6d2c399722f197ef969eed24a6f35a5f06341
[2025-06-02 15:14:41] [DEBUG] Received signal packet: TransportPacket { act: "request_fragments", to: Some("023e64d1aa32f234a8b83547c94ee74109642166929428d5072738af194e12b938"), data: None, protocol: SIGNAL, peer_key: "02d44897d9e9260b2cad1edf4f80e6d2c399722f197ef969eed24a6f35a5f06341", uuid: "8980bb50-b864-498d-87c2-2680287d925c", nodes: [] }
[2025-06-02 15:14:41] [DEBUG] From peer_key: 02d44897d9e9260b2cad1edf4f80e6d2c399722f197ef969eed24a6f35a5f06341
[2025-06-02 15:14:41] [DEBUG] Received signal packet: TransportPacket { act: "request_fragments", to: Some("03ca98c707f3ebfa91770d7c964b8c10fd8780872a3d4943f61f6932ab8a6a243d"), data: None, protocol: SIGNAL, peer_key: "02d44897d9e9260b2cad1edf4f80e6d2c399722f197ef969eed24a6f35a5f06341", uuid: "12273ce8-1127-419c-8bb5-41242e9ca6b4", nodes: [] }
[2025-06-02 15:19:41] [DEBUG] From peer_key: 02d44897d9e9260b2cad1edf4f80e6d2c399722f197ef969eed24a6f35a5f06341
[2025-06-02 15:19:41] [DEBUG] Received signal packet: TransportPacket { act: "request_fragments", to: Some("03ca98c707f3ebfa91770d7c964b8c10fd8780872a3d4943f61f6932ab8a6a243d"), data: None, protocol: SIGNAL, peer_key: "02d44897d9e9260b2cad1edf4f80e6d2c399722f197ef969eed24a6f35a5f06341", uuid: "421ff989-0906-48e3-a2ba-14c562ad2c9b", nodes: [] }
[2025-06-02 15:19:41] [DEBUG] From peer_key: 02d44897d9e9260b2cad1edf4f80e6d2c399722f197ef969eed24a6f35a5f06341
[2025-06-02 15:19:41] [DEBUG] Received signal packet: TransportPacket { act: "request_fragments", to: Some("023e64d1aa32f234a8b83547c94ee74109642166929428d5072738af194e12b938"), data: None, protocol: SIGNAL, peer_key: "02d44897d9e9260b2cad1edf4f80e6d2c399722f197ef969eed24a6f35a5f06341", uuid: "43b8b62d-600b-4740-9336-12e16a344990", nodes: [] }
[2025-06-02 15:24:41] [DEBUG] From peer_key: 02d44897d9e9260b2cad1edf4f80e6d2c399722f197ef969eed24a6f35a5f06341
[2025-06-02 15:24:41] [DEBUG] Received signal packet: TransportPacket { act: "request_fragments", to: Some("023e64d1aa32f234a8b83547c94ee74109642166929428d5072738af194e12b938"), data: None, protocol: SIGNAL, peer_key: "02d44897d9e9260b2cad1edf4f80e6d2c399722f197ef969eed24a6f35a5f06341", uuid: "6e24765e-519d-4c9a-820b-c4c997918dea", nodes: [] }
[2025-06-02 15:24:41] [DEBUG] From peer_key: 02d44897d9e9260b2cad1edf4f80e6d2c399722f197ef969eed24a6f35a5f06341
[2025-06-02 15:24:41] [DEBUG] Received signal packet: TransportPacket { act: "request_fragments", to: Some("03ca98c707f3ebfa91770d7c964b8c10fd8780872a3d4943f61f6932ab8a6a243d"), data: None, protocol: SIGNAL, peer_key: "02d44897d9e9260b2cad1edf4f80e6d2c399722f197ef969eed24a6f35a5f06341", uuid: "2b79c07d-350e-4a82-b74b-fa223c91f023", nodes: [] }
[2025-06-02 15:29:41] [DEBUG] From peer_key: 02d44897d9e9260b2cad1edf4f80e6d2c399722f197ef969eed24a6f35a5f06341
[2025-06-02 15:29:41] [DEBUG] Received signal packet: TransportPacket { act: "request_fragments", to: Some("023e64d1aa32f234a8b83547c94ee74109642166929428d5072738af194e12b938"), data: None, protocol: SIGNAL, peer_key: "02d44897d9e9260b2cad1edf4f80e6d2c399722f197ef969eed24a6f35a5f06341", uuid: "f3b51e12-b0b0-4e04-88ab-0003151c1896", nodes: [] }
[2025-06-02 15:29:41] [DEBUG] From peer_key: 02d44897d9e9260b2cad1edf4f80e6d2c399722f197ef969eed24a6f35a5f06341
[2025-06-02 15:29:41] [DEBUG] Received signal packet: TransportPacket { act: "request_fragments", to: Some("03ca98c707f3ebfa91770d7c964b8c10fd8780872a3d4943f61f6932ab8a6a243d"), data: None, protocol: SIGNAL, peer_key: "02d44897d9e9260b2cad1edf4f80e6d2c399722f197ef969eed24a6f35a5f06341", uuid: "e53d725c-9577-46dc-a1f9-8872bfaa3f6c", nodes: [] }
[2025-06-02 15:34:41] [DEBUG] From peer_key: 02d44897d9e9260b2cad1edf4f80e6d2c399722f197ef969eed24a6f35a5f06341
[2025-06-02 15:34:41] [DEBUG] Received signal packet: TransportPacket { act: "request_fragments", to: Some("023e64d1aa32f234a8b83547c94ee74109642166929428d5072738af194e12b938"), data: None, protocol: SIGNAL, peer_key: "02d44897d9e9260b2cad1edf4f80e6d2c399722f197ef969eed24a6f35a5f06341", uuid: "ff907df1-1e23-4934-82b0-9c1ac9748e21", nodes: [] }
[2025-06-02 15:34:41] [DEBUG] From peer_key: 02d44897d9e9260b2cad1edf4f80e6d2c399722f197ef969eed24a6f35a5f06341
[2025-06-02 15:34:41] [DEBUG] Received signal packet: TransportPacket { act: "request_fragments", to: Some("03ca98c707f3ebfa91770d7c964b8c10fd8780872a3d4943f61f6932ab8a6a243d"), data: None, protocol: SIGNAL, peer_key: "02d44897d9e9260b2cad1edf4f80e6d2c399722f197ef969eed24a6f35a5f06341", uuid: "17177902-e5dd-4f03-a3b3-3746aae37224", nodes: [] }
[2025-06-02 15:37:31] [DEBUG] From peer_key: 02d44897d9e9260b2cad1edf4f80e6d2c399722f197ef969eed24a6f35a5f06341
[2025-06-02 15:37:31] [DEBUG] Received signal packet: TransportPacket { act: "api_request", to: Some("03ca98c707f3ebfa91770d7c964b8c10fd8780872a3d4943f61f6932ab8a6a243d"), data: Some(Message(Message { text: "еуые", nonce: None })), protocol: TURN, peer_key: "02d44897d9e9260b2cad1edf4f80e6d2c399722f197ef969eed24a6f35a5f06341", uuid: "6adab17e-5ebc-4bb9-ae02-4bfcc256cdac", nodes: [] }
[2025-06-02 15:39:41] [DEBUG] From peer_key: 02d44897d9e9260b2cad1edf4f80e6d2c399722f197ef969eed24a6f35a5f06341
[2025-06-02 15:39:41] [DEBUG] Received signal packet: TransportPacket { act: "request_fragments", to: Some("03ca98c707f3ebfa91770d7c964b8c10fd8780872a3d4943f61f6932ab8a6a243d"), data: None, protocol: SIGNAL, peer_key: "02d44897d9e9260b2cad1edf4f80e6d2c399722f197ef969eed24a6f35a5f06341", uuid: "0d2ce6c0-99cb-4ad1-8738-da0d061bb460", nodes: [] }
[2025-06-02 15:39:41] [DEBUG] From peer_key: 02d44897d9e9260b2cad1edf4f80e6d2c399722f197ef969eed24a6f35a5f06341
[2025-06-02 15:39:41] [DEBUG] Received signal packet: TransportPacket { act: "request_fragments", to: Some("023e64d1aa32f234a8b83547c94ee74109642166929428d5072738af194e12b938"), data: None, protocol: SIGNAL, peer_key: "02d44897d9e9260b2cad1edf4f80e6d2c399722f197ef969eed24a6f35a5f06341", uuid: "ff7a0fc9-1773-4c56-9c94-4b1a4bc31793", nodes: [] }
[2025-06-02 15:40:46] [DEBUG] Received signal packet: TransportPacket { act: "peer_list", to: Some("03ca98c707f3ebfa91770d7c964b8c10fd8780872a3d4943f61f6932ab8a6a243d"), data: Some(SyncPeerInfoData(SyncPeerInfoData { peers: [SyncPeerInfo { uuid: "03ca98c707f3ebfa91770d7c964b8c10fd8780872a3d4943f61f6932ab8a6a243d" }, SyncPeerInfo { uuid: "023e64d1aa32f234a8b83547c94ee74109642166929428d5072738af194e12b938" }] })), protocol: SIGNAL, peer_key: "02d44897d9e9260b2cad1edf4f80e6d2c399722f197ef969eed24a6f35a5f06341", uuid: "82b37357-f555-46db-8e7e-849f482817ed", nodes: [] }
[2025-06-02 15:40:46] [PEER] Received peer list:
[2025-06-02 15:40:46] [PEER] Peer - KEY: 03ca98c707f3ebfa91770d7c964b8c10fd8780872a3d4943f61f6932ab8a6a243d
[2025-06-02 15:40:46] [PEER] Peer - KEY: 023e64d1aa32f234a8b83547c94ee74109642166929428d5072738af194e12b938
[2025-06-02 15:40:46] [DEBUG] From peer_key: 02d44897d9e9260b2cad1edf4f80e6d2c399722f197ef969eed24a6f35a5f06341
